-- The C compiler identification is GNU 11.4.0
-- The CXX compiler identification is GNU 11.4.0
-- Detecting C compiler ABI info
-- Detecting C compiler ABI info - done
-- Check for working C compiler: /usr/bin/cc - skipped
-- Detecting C compile features
-- Detecting C compile features - done
-- Detecting CXX compiler ABI info
-- Detecting CXX compiler ABI info - done
-- Check for working CXX compiler: /usr/bin/c++ - skipped
-- Detecting CXX compile features
-- Detecting CXX compile features - done
-- Found ament_cmake: 1.3.12 (/opt/ros/humble/share/ament_cmake/cmake)
-- Found Python3: /usr/bin/python3 (found version "3.11.0") found components: Interpreter 
-- Override CMake install command with custom implementation using symlinks instead of copying resources
-- Found rclcpp: 16.0.14 (/opt/ros/humble/share/rclcpp/cmake)
-- Found rosidl_generator_c: 3.1.7 (/opt/ros/humble/share/rosidl_generator_c/cmake)
-- Found rosidl_adapter: 3.1.7 (/opt/ros/humble/share/rosidl_adapter/cmake)
-- Found rosidl_generator_cpp: 3.1.7 (/opt/ros/humble/share/rosidl_generator_cpp/cmake)
-- Using all available rosidl_typesupport_c: rosidl_typesupport_fastrtps_c;rosidl_typesupport_introspection_c
-- Using all available rosidl_typesupport_cpp: rosidl_typesupport_fastrtps_cpp;rosidl_typesupport_introspection_cpp
-- Found rmw_implementation_cmake: 6.1.2 (/opt/ros/humble/share/rmw_implementation_cmake/cmake)
-- Found rmw_fastrtps_cpp: 6.2.8 (/opt/ros/humble/share/rmw_fastrtps_cpp/cmake)
-- Found OpenSSL: /usr/lib/x86_64-linux-gnu/libcrypto.so (found version "3.0.2")  
-- Found FastRTPS: /opt/ros/humble/include  
-- Using RMW implementation 'rmw_fastrtps_cpp' as default
-- Looking for pthread.h
-- Looking for pthread.h - found
-- Performing Test CMAKE_HAVE_LIBC_PTHREAD
-- Performing Test CMAKE_HAVE_LIBC_PTHREAD - Success
-- Found Threads: TRUE  
-- Found rclpy: 3.3.17 (/opt/ros/humble/share/rclpy/cmake)
-- Found geometry_msgs: 4.9.0 (/opt/ros/humble/share/geometry_msgs/cmake)
-- Found sensor_msgs: 4.9.0 (/opt/ros/humble/share/sensor_msgs/cmake)
-- Found nav_msgs: 4.9.0 (/opt/ros/humble/share/nav_msgs/cmake)
-- Found ament_lint_auto: 0.12.14 (/opt/ros/humble/share/ament_lint_auto/cmake)
-- Added test 'copyright' to check source files copyright and LICENSE
-- Added test 'flake8' to check Python code syntax and style conventions
-- Added test 'lint_cmake' to check CMake code style
-- Added test 'pep257' to check Python code against some of the docstring style conventions in PEP 257
-- Added test 'xmllint' to check XML markup files
-- Configuring done
-- Generating done
-- Build files have been written to: /home/ubuntu/Edited_AirshipMPC/build/blimp_nmpc_wrapper_node
Built target ament_cmake_python_symlink_blimp_nmpc_wrapper_node
running egg_info
creating blimp_nmpc_wrapper_node.egg-info
writing blimp_nmpc_wrapper_node.egg-info/PKG-INFO
writing dependency_links to blimp_nmpc_wrapper_node.egg-info/dependency_links.txt
writing top-level names to blimp_nmpc_wrapper_node.egg-info/top_level.txt
writing manifest file 'blimp_nmpc_wrapper_node.egg-info/SOURCES.txt'
reading manifest file 'blimp_nmpc_wrapper_node.egg-info/SOURCES.txt'
writing manifest file 'blimp_nmpc_wrapper_node.egg-info/SOURCES.txt'
Built target ament_cmake_python_build_blimp_nmpc_wrapper_node_egg
-- Install configuration: "Release"
-- Execute custom install script
-- Symlinking: /home/ubuntu/Edited_AirshipMPC/install/blimp_nmpc_wrapper_node/share/blimp_nmpc_wrapper_node/environment/pythonpath.sh
-- Symlinking: /home/ubuntu/Edited_AirshipMPC/install/blimp_nmpc_wrapper_node/share/blimp_nmpc_wrapper_node/environment/pythonpath.dsv
-- Symlinking: /home/ubuntu/Edited_AirshipMPC/install/blimp_nmpc_wrapper_node/local/lib/python3.11/dist-packages/blimp_nmpc_wrapper_node-0.0.0-py3.11.egg-info/PKG-INFO
-- Symlinking: /home/ubuntu/Edited_AirshipMPC/install/blimp_nmpc_wrapper_node/local/lib/python3.11/dist-packages/blimp_nmpc_wrapper_node-0.0.0-py3.11.egg-info/SOURCES.txt
-- Symlinking: /home/ubuntu/Edited_AirshipMPC/install/blimp_nmpc_wrapper_node/local/lib/python3.11/dist-packages/blimp_nmpc_wrapper_node-0.0.0-py3.11.egg-info/dependency_links.txt
-- Symlinking: /home/ubuntu/Edited_AirshipMPC/install/blimp_nmpc_wrapper_node/local/lib/python3.11/dist-packages/blimp_nmpc_wrapper_node-0.0.0-py3.11.egg-info/top_level.txt
-- Symlinking: /home/ubuntu/Edited_AirshipMPC/install/blimp_nmpc_wrapper_node/local/lib/python3.11/dist-packages/blimp_nmpc_wrapper_node/__init__.py
-- Symlinking: /home/ubuntu/Edited_AirshipMPC/install/blimp_nmpc_wrapper_node/local/lib/python3.11/dist-packages/blimp_nmpc_wrapper_node/blimp_nmpc_wrapper_node.py
-- Symlinking: /home/ubuntu/Edited_AirshipMPC/install/blimp_nmpc_wrapper_node/local/lib/python3.11/dist-packages/blimp_nmpc_wrapper_node/formation_config.py
-- Symlinking: /home/ubuntu/Edited_AirshipMPC/install/blimp_nmpc_wrapper_node/lib/blimp_nmpc_wrapper_node/blimp_nmpc_wrapper_node.py
-- Symlinking: /home/ubuntu/Edited_AirshipMPC/install/blimp_nmpc_wrapper_node/share/ament_index/resource_index/package_run_dependencies/blimp_nmpc_wrapper_node
-- Symlinking: /home/ubuntu/Edited_AirshipMPC/install/blimp_nmpc_wrapper_node/share/ament_index/resource_index/parent_prefix_path/blimp_nmpc_wrapper_node
-- Symlinking: /home/ubuntu/Edited_AirshipMPC/install/blimp_nmpc_wrapper_node/share/blimp_nmpc_wrapper_node/environment/ament_prefix_path.sh
-- Symlinking: /home/ubuntu/Edited_AirshipMPC/install/blimp_nmpc_wrapper_node/share/blimp_nmpc_wrapper_node/environment/ament_prefix_path.dsv
-- Symlinking: /home/ubuntu/Edited_AirshipMPC/install/blimp_nmpc_wrapper_node/share/blimp_nmpc_wrapper_node/environment/path.sh
-- Symlinking: /home/ubuntu/Edited_AirshipMPC/install/blimp_nmpc_wrapper_node/share/blimp_nmpc_wrapper_node/environment/path.dsv
-- Symlinking: /home/ubuntu/Edited_AirshipMPC/install/blimp_nmpc_wrapper_node/share/blimp_nmpc_wrapper_node/local_setup.bash
-- Symlinking: /home/ubuntu/Edited_AirshipMPC/install/blimp_nmpc_wrapper_node/share/blimp_nmpc_wrapper_node/local_setup.sh
-- Symlinking: /home/ubuntu/Edited_AirshipMPC/install/blimp_nmpc_wrapper_node/share/blimp_nmpc_wrapper_node/local_setup.zsh
-- Symlinking: /home/ubuntu/Edited_AirshipMPC/install/blimp_nmpc_wrapper_node/share/blimp_nmpc_wrapper_node/local_setup.dsv
-- Symlinking: /home/ubuntu/Edited_AirshipMPC/install/blimp_nmpc_wrapper_node/share/blimp_nmpc_wrapper_node/package.dsv
-- Symlinking: /home/ubuntu/Edited_AirshipMPC/install/blimp_nmpc_wrapper_node/share/ament_index/resource_index/packages/blimp_nmpc_wrapper_node
-- Symlinking: /home/ubuntu/Edited_AirshipMPC/install/blimp_nmpc_wrapper_node/share/blimp_nmpc_wrapper_node/cmake/blimp_nmpc_wrapper_nodeConfig.cmake
-- Symlinking: /home/ubuntu/Edited_AirshipMPC/install/blimp_nmpc_wrapper_node/share/blimp_nmpc_wrapper_node/cmake/blimp_nmpc_wrapper_nodeConfig-version.cmake
-- Symlinking: /home/ubuntu/Edited_AirshipMPC/install/blimp_nmpc_wrapper_node/share/blimp_nmpc_wrapper_node/package.xml
Listing '/home/ubuntu/Edited_AirshipMPC/install/blimp_nmpc_wrapper_node/local/lib/python3.11/dist-packages/blimp_nmpc_wrapper_node'...
Compiling '/home/ubuntu/Edited_AirshipMPC/install/blimp_nmpc_wrapper_node/local/lib/python3.11/dist-packages/blimp_nmpc_wrapper_node/__init__.py'...
Compiling '/home/ubuntu/Edited_AirshipMPC/install/blimp_nmpc_wrapper_node/local/lib/python3.11/dist-packages/blimp_nmpc_wrapper_node/blimp_nmpc_wrapper_node.py'...
Compiling '/home/ubuntu/Edited_AirshipMPC/install/blimp_nmpc_wrapper_node/local/lib/python3.11/dist-packages/blimp_nmpc_wrapper_node/formation_config.py'...
-- Installing: /home/ubuntu/Edited_AirshipMPC/install/blimp_nmpc_wrapper_node/share/blimp_nmpc_wrapper_node/launch
-- Installing: /home/ubuntu/Edited_AirshipMPC/install/blimp_nmpc_wrapper_node/share/blimp_nmpc_wrapper_node/launch/one_blimp.launch.py
-- Installing: /home/ubuntu/Edited_AirshipMPC/install/blimp_nmpc_wrapper_node/share/blimp_nmpc_wrapper_node/nodes
-- Installing: /home/ubuntu/Edited_AirshipMPC/install/blimp_nmpc_wrapper_node/share/blimp_nmpc_wrapper_node/nodes/blimp_nmpc_wrapper_node.py
-- Installing: /home/ubuntu/Edited_AirshipMPC/install/blimp_nmpc_wrapper_node/share/blimp_nmpc_wrapper_node/nodes/formation_config.py
-- Installing: /home/ubuntu/Edited_AirshipMPC/install/blimp_nmpc_wrapper_node/share/blimp_nmpc_wrapper_node/nodes/__pycache__
