[0.013s] Invoking command in '/home/ubuntu/Edited_AirshipMPC/build/blimp_nmpc_wrapper_node': CMAKE_PREFIX_PATH=/opt/ros/humble /usr/bin/cmake /home/ubuntu/Edited_AirshipMPC/src/blimp_nmpc_wrapper_node -DCMAKE_BUILD_TYPE=Release -DAMENT_CMAKE_SYMLINK_INSTALL=1 -DCMAKE_INSTALL_PREFIX=/home/ubuntu/Edited_AirshipMPC/install/blimp_nmpc_wrapper_node
[0.083s] -- The C compiler identification is GNU 11.4.0
[0.152s] -- The CXX compiler identification is GNU 11.4.0
[0.159s] -- Detecting C compiler ABI info
[0.234s] -- Detecting C compiler ABI info - done
[0.247s] -- Check for working C compiler: /usr/bin/cc - skipped
[0.247s] -- Detecting C compile features
[0.247s] -- Detecting C compile features - done
[0.252s] -- Detecting CXX compiler ABI info
[0.340s] -- Detecting CXX compiler ABI info - done
[0.348s] -- Check for working CXX compiler: /usr/bin/c++ - skipped
[0.348s] -- Detecting CXX compile features
[0.349s] -- Detecting CXX compile features - done
[0.350s] -- Found ament_cmake: 1.3.12 (/opt/ros/humble/share/ament_cmake/cmake)
[0.766s] -- Found Python3: /usr/bin/python3 (found version "3.11.0") found components: Interpreter 
[0.837s] -- Override CMake install command with custom implementation using symlinks instead of copying resources
[0.853s] -- Found rclcpp: 16.0.14 (/opt/ros/humble/share/rclcpp/cmake)
[0.883s] -- Found rosidl_generator_c: 3.1.7 (/opt/ros/humble/share/rosidl_generator_c/cmake)
[0.886s] -- Found rosidl_adapter: 3.1.7 (/opt/ros/humble/share/rosidl_adapter/cmake)
[0.893s] -- Found rosidl_generator_cpp: 3.1.7 (/opt/ros/humble/share/rosidl_generator_cpp/cmake)
[0.904s] -- Using all available rosidl_typesupport_c: rosidl_typesupport_fastrtps_c;rosidl_typesupport_introspection_c
[0.918s] -- Using all available rosidl_typesupport_cpp: rosidl_typesupport_fastrtps_cpp;rosidl_typesupport_introspection_cpp
[0.955s] -- Found rmw_implementation_cmake: 6.1.2 (/opt/ros/humble/share/rmw_implementation_cmake/cmake)
[0.957s] -- Found rmw_fastrtps_cpp: 6.2.8 (/opt/ros/humble/share/rmw_fastrtps_cpp/cmake)
[1.027s] -- Found OpenSSL: /usr/lib/x86_64-linux-gnu/libcrypto.so (found version "3.0.2")  
[1.045s] -- Found FastRTPS: /opt/ros/humble/include  
[1.072s] -- Using RMW implementation 'rmw_fastrtps_cpp' as default
[1.079s] -- Looking for pthread.h
[1.156s] -- Looking for pthread.h - found
[1.156s] -- Performing Test CMAKE_HAVE_LIBC_PTHREAD
[1.235s] -- Performing Test CMAKE_HAVE_LIBC_PTHREAD - Success
[1.236s] -- Found Threads: TRUE  
[1.304s] -- Found rclpy: 3.3.17 (/opt/ros/humble/share/rclpy/cmake)
[1.305s] -- Found geometry_msgs: 4.9.0 (/opt/ros/humble/share/geometry_msgs/cmake)
[1.322s] -- Found sensor_msgs: 4.9.0 (/opt/ros/humble/share/sensor_msgs/cmake)
[1.343s] -- Found nav_msgs: 4.9.0 (/opt/ros/humble/share/nav_msgs/cmake)
[1.492s] -- Found ament_lint_auto: 0.12.14 (/opt/ros/humble/share/ament_lint_auto/cmake)
[1.606s] -- Added test 'copyright' to check source files copyright and LICENSE
[1.608s] -- Added test 'flake8' to check Python code syntax and style conventions
[1.609s] -- Added test 'lint_cmake' to check CMake code style
[1.610s] -- Added test 'pep257' to check Python code against some of the docstring style conventions in PEP 257
[1.612s] -- Added test 'xmllint' to check XML markup files
[1.614s] -- Configuring done
[1.623s] -- Generating done
[1.626s] -- Build files have been written to: /home/ubuntu/Edited_AirshipMPC/build/blimp_nmpc_wrapper_node
[1.640s] Invoked command in '/home/ubuntu/Edited_AirshipMPC/build/blimp_nmpc_wrapper_node' returned '0': CMAKE_PREFIX_PATH=/opt/ros/humble /usr/bin/cmake /home/ubuntu/Edited_AirshipMPC/src/blimp_nmpc_wrapper_node -DCMAKE_BUILD_TYPE=Release -DAMENT_CMAKE_SYMLINK_INSTALL=1 -DCMAKE_INSTALL_PREFIX=/home/ubuntu/Edited_AirshipMPC/install/blimp_nmpc_wrapper_node
[1.643s] Invoking command in '/home/ubuntu/Edited_AirshipMPC/build/blimp_nmpc_wrapper_node': CMAKE_PREFIX_PATH=/opt/ros/humble /usr/bin/cmake --build /home/ubuntu/Edited_AirshipMPC/build/blimp_nmpc_wrapper_node -- -j4 -l4
[1.716s] Built target ament_cmake_python_symlink_blimp_nmpc_wrapper_node
[1.939s] running egg_info
[1.951s] creating blimp_nmpc_wrapper_node.egg-info
[1.951s] writing blimp_nmpc_wrapper_node.egg-info/PKG-INFO
[1.952s] writing dependency_links to blimp_nmpc_wrapper_node.egg-info/dependency_links.txt
[1.952s] writing top-level names to blimp_nmpc_wrapper_node.egg-info/top_level.txt
[1.952s] writing manifest file 'blimp_nmpc_wrapper_node.egg-info/SOURCES.txt'
[1.987s] reading manifest file 'blimp_nmpc_wrapper_node.egg-info/SOURCES.txt'
[1.987s] writing manifest file 'blimp_nmpc_wrapper_node.egg-info/SOURCES.txt'
[2.030s] Built target ament_cmake_python_build_blimp_nmpc_wrapper_node_egg
[2.047s] Invoked command in '/home/ubuntu/Edited_AirshipMPC/build/blimp_nmpc_wrapper_node' returned '0': CMAKE_PREFIX_PATH=/opt/ros/humble /usr/bin/cmake --build /home/ubuntu/Edited_AirshipMPC/build/blimp_nmpc_wrapper_node -- -j4 -l4
[2.057s] Invoking command in '/home/ubuntu/Edited_AirshipMPC/build/blimp_nmpc_wrapper_node': CMAKE_PREFIX_PATH=/opt/ros/humble /usr/bin/cmake --install /home/ubuntu/Edited_AirshipMPC/build/blimp_nmpc_wrapper_node
[2.065s] -- Install configuration: "Release"
[2.066s] -- Execute custom install script
[2.066s] -- Symlinking: /home/ubuntu/Edited_AirshipMPC/install/blimp_nmpc_wrapper_node/share/blimp_nmpc_wrapper_node/environment/pythonpath.sh
[2.075s] -- Symlinking: /home/ubuntu/Edited_AirshipMPC/install/blimp_nmpc_wrapper_node/share/blimp_nmpc_wrapper_node/environment/pythonpath.dsv
[2.084s] -- Symlinking: /home/ubuntu/Edited_AirshipMPC/install/blimp_nmpc_wrapper_node/local/lib/python3.11/dist-packages/blimp_nmpc_wrapper_node-0.0.0-py3.11.egg-info/PKG-INFO
[2.093s] -- Symlinking: /home/ubuntu/Edited_AirshipMPC/install/blimp_nmpc_wrapper_node/local/lib/python3.11/dist-packages/blimp_nmpc_wrapper_node-0.0.0-py3.11.egg-info/SOURCES.txt
[2.102s] -- Symlinking: /home/ubuntu/Edited_AirshipMPC/install/blimp_nmpc_wrapper_node/local/lib/python3.11/dist-packages/blimp_nmpc_wrapper_node-0.0.0-py3.11.egg-info/dependency_links.txt
[2.111s] -- Symlinking: /home/ubuntu/Edited_AirshipMPC/install/blimp_nmpc_wrapper_node/local/lib/python3.11/dist-packages/blimp_nmpc_wrapper_node-0.0.0-py3.11.egg-info/top_level.txt
[2.120s] -- Symlinking: /home/ubuntu/Edited_AirshipMPC/install/blimp_nmpc_wrapper_node/local/lib/python3.11/dist-packages/blimp_nmpc_wrapper_node/__init__.py
[2.128s] -- Symlinking: /home/ubuntu/Edited_AirshipMPC/install/blimp_nmpc_wrapper_node/local/lib/python3.11/dist-packages/blimp_nmpc_wrapper_node/blimp_nmpc_wrapper_node.py
[2.137s] -- Symlinking: /home/ubuntu/Edited_AirshipMPC/install/blimp_nmpc_wrapper_node/local/lib/python3.11/dist-packages/blimp_nmpc_wrapper_node/formation_config.py
[2.146s] -- Symlinking: /home/ubuntu/Edited_AirshipMPC/install/blimp_nmpc_wrapper_node/lib/blimp_nmpc_wrapper_node/blimp_nmpc_wrapper_node.py
[2.155s] -- Symlinking: /home/ubuntu/Edited_AirshipMPC/install/blimp_nmpc_wrapper_node/share/ament_index/resource_index/package_run_dependencies/blimp_nmpc_wrapper_node
[2.163s] -- Symlinking: /home/ubuntu/Edited_AirshipMPC/install/blimp_nmpc_wrapper_node/share/ament_index/resource_index/parent_prefix_path/blimp_nmpc_wrapper_node
[2.172s] -- Symlinking: /home/ubuntu/Edited_AirshipMPC/install/blimp_nmpc_wrapper_node/share/blimp_nmpc_wrapper_node/environment/ament_prefix_path.sh
[2.180s] -- Symlinking: /home/ubuntu/Edited_AirshipMPC/install/blimp_nmpc_wrapper_node/share/blimp_nmpc_wrapper_node/environment/ament_prefix_path.dsv
[2.188s] -- Symlinking: /home/ubuntu/Edited_AirshipMPC/install/blimp_nmpc_wrapper_node/share/blimp_nmpc_wrapper_node/environment/path.sh
[2.197s] -- Symlinking: /home/ubuntu/Edited_AirshipMPC/install/blimp_nmpc_wrapper_node/share/blimp_nmpc_wrapper_node/environment/path.dsv
[2.205s] -- Symlinking: /home/ubuntu/Edited_AirshipMPC/install/blimp_nmpc_wrapper_node/share/blimp_nmpc_wrapper_node/local_setup.bash
[2.213s] -- Symlinking: /home/ubuntu/Edited_AirshipMPC/install/blimp_nmpc_wrapper_node/share/blimp_nmpc_wrapper_node/local_setup.sh
[2.222s] -- Symlinking: /home/ubuntu/Edited_AirshipMPC/install/blimp_nmpc_wrapper_node/share/blimp_nmpc_wrapper_node/local_setup.zsh
[2.230s] -- Symlinking: /home/ubuntu/Edited_AirshipMPC/install/blimp_nmpc_wrapper_node/share/blimp_nmpc_wrapper_node/local_setup.dsv
[2.239s] -- Symlinking: /home/ubuntu/Edited_AirshipMPC/install/blimp_nmpc_wrapper_node/share/blimp_nmpc_wrapper_node/package.dsv
[2.248s] -- Symlinking: /home/ubuntu/Edited_AirshipMPC/install/blimp_nmpc_wrapper_node/share/ament_index/resource_index/packages/blimp_nmpc_wrapper_node
[2.257s] -- Symlinking: /home/ubuntu/Edited_AirshipMPC/install/blimp_nmpc_wrapper_node/share/blimp_nmpc_wrapper_node/cmake/blimp_nmpc_wrapper_nodeConfig.cmake
[2.265s] -- Symlinking: /home/ubuntu/Edited_AirshipMPC/install/blimp_nmpc_wrapper_node/share/blimp_nmpc_wrapper_node/cmake/blimp_nmpc_wrapper_nodeConfig-version.cmake
[2.274s] -- Symlinking: /home/ubuntu/Edited_AirshipMPC/install/blimp_nmpc_wrapper_node/share/blimp_nmpc_wrapper_node/package.xml
[2.324s] Listing '/home/ubuntu/Edited_AirshipMPC/install/blimp_nmpc_wrapper_node/local/lib/python3.11/dist-packages/blimp_nmpc_wrapper_node'...
[2.324s] Compiling '/home/ubuntu/Edited_AirshipMPC/install/blimp_nmpc_wrapper_node/local/lib/python3.11/dist-packages/blimp_nmpc_wrapper_node/__init__.py'...
[2.324s] Compiling '/home/ubuntu/Edited_AirshipMPC/install/blimp_nmpc_wrapper_node/local/lib/python3.11/dist-packages/blimp_nmpc_wrapper_node/blimp_nmpc_wrapper_node.py'...
[2.324s] Compiling '/home/ubuntu/Edited_AirshipMPC/install/blimp_nmpc_wrapper_node/local/lib/python3.11/dist-packages/blimp_nmpc_wrapper_node/formation_config.py'...
[2.330s] -- Installing: /home/ubuntu/Edited_AirshipMPC/install/blimp_nmpc_wrapper_node/share/blimp_nmpc_wrapper_node/launch
[2.330s] -- Installing: /home/ubuntu/Edited_AirshipMPC/install/blimp_nmpc_wrapper_node/share/blimp_nmpc_wrapper_node/launch/one_blimp.launch.py
[2.330s] -- Installing: /home/ubuntu/Edited_AirshipMPC/install/blimp_nmpc_wrapper_node/share/blimp_nmpc_wrapper_node/nodes
[2.330s] -- Installing: /home/ubuntu/Edited_AirshipMPC/install/blimp_nmpc_wrapper_node/share/blimp_nmpc_wrapper_node/nodes/blimp_nmpc_wrapper_node.py
[2.331s] -- Installing: /home/ubuntu/Edited_AirshipMPC/install/blimp_nmpc_wrapper_node/share/blimp_nmpc_wrapper_node/nodes/formation_config.py
[2.331s] -- Installing: /home/ubuntu/Edited_AirshipMPC/install/blimp_nmpc_wrapper_node/share/blimp_nmpc_wrapper_node/nodes/__pycache__
[2.333s] Invoked command in '/home/ubuntu/Edited_AirshipMPC/build/blimp_nmpc_wrapper_node' returned '0': CMAKE_PREFIX_PATH=/opt/ros/humble /usr/bin/cmake --install /home/ubuntu/Edited_AirshipMPC/build/blimp_nmpc_wrapper_node
