-- The C compiler identification is GNU 11.4.0
-- The CXX compiler identification is GNU 11.4.0
-- Detecting C compiler ABI info
-- Detecting C compiler ABI info - done
-- Check for working C compiler: /usr/bin/cc - skipped
-- Detecting C compile features
-- Detecting C compile features - done
-- Detecting CXX compiler ABI info
-- Detecting CXX compiler ABI info - done
-- Check for working CXX compiler: /usr/bin/c++ - skipped
-- Detecting CXX compile features
-- Detecting CXX compile features - done
-- Found ament_cmake: 1.3.12 (/opt/ros/humble/share/ament_cmake/cmake)
-- Found Python3: /usr/bin/python3 (found version "3.11.0") found components: Interpreter 
-- Override CMake install command with custom implementation using symlinks instead of copying resources
-- Found rclcpp: 16.0.14 (/opt/ros/humble/share/rclcpp/cmake)
-- Found rosidl_generator_c: 3.1.7 (/opt/ros/humble/share/rosidl_generator_c/cmake)
-- Found rosidl_adapter: 3.1.7 (/opt/ros/humble/share/rosidl_adapter/cmake)
-- Found rosidl_generator_cpp: 3.1.7 (/opt/ros/humble/share/rosidl_generator_cpp/cmake)
-- Using all available rosidl_typesupport_c: rosidl_typesupport_fastrtps_c;rosidl_typesupport_introspection_c
-- Using all available rosidl_typesupport_cpp: rosidl_typesupport_fastrtps_cpp;rosidl_typesupport_introspection_cpp
-- Found rmw_implementation_cmake: 6.1.2 (/opt/ros/humble/share/rmw_implementation_cmake/cmake)
-- Found rmw_fastrtps_cpp: 6.2.8 (/opt/ros/humble/share/rmw_fastrtps_cpp/cmake)
-- Found OpenSSL: /usr/lib/x86_64-linux-gnu/libcrypto.so (found version "3.0.2")  
-- Found FastRTPS: /opt/ros/humble/include  
-- Using RMW implementation 'rmw_fastrtps_cpp' as default
-- Looking for pthread.h
-- Looking for pthread.h - found
-- Performing Test CMAKE_HAVE_LIBC_PTHREAD
-- Performing Test CMAKE_HAVE_LIBC_PTHREAD - Success
-- Found Threads: TRUE  
-- Found geometry_msgs: 4.9.0 (/opt/ros/humble/share/geometry_msgs/cmake)
-- Found sensor_msgs: 4.9.0 (/opt/ros/humble/share/sensor_msgs/cmake)
-- Found nav_msgs: 4.9.0 (/opt/ros/humble/share/nav_msgs/cmake)
-- Found tf2: 0.25.15 (/opt/ros/humble/share/tf2/cmake)
-- Found tf2_ros: 0.25.15 (/opt/ros/humble/share/tf2_ros/cmake)
-- Found tf2_geometry_msgs: 0.25.15 (/opt/ros/humble/share/tf2_geometry_msgs/cmake)
-- Found eigen3_cmake_module: 0.1.1 (/opt/ros/humble/share/eigen3_cmake_module/cmake)
-- Found Eigen3: TRUE (found version "3.4.0") 
-- Ensuring Eigen3 include directory is part of orocos-kdl CMake target
-- Found cv_bridge: 3.2.1 (/opt/ros/humble/share/cv_bridge/cmake)
-- Found image_transport: 3.1.12 (/opt/ros/humble/share/image_transport/cmake)
-- Found OpenCV: /usr (found version "4.5.4") 
-- Found rosidl_default_generators: 1.2.0 (/opt/ros/humble/share/rosidl_default_generators/cmake)
-- Found ament_cmake_ros: 0.10.0 (/opt/ros/humble/share/ament_cmake_ros/cmake)
-- Using all available rosidl_typesupport_c: rosidl_typesupport_fastrtps_c;rosidl_typesupport_introspection_c
-- Using all available rosidl_typesupport_cpp: rosidl_typesupport_fastrtps_cpp;rosidl_typesupport_introspection_cpp
-- Found PythonInterp: /usr/bin/python3 (found suitable version "3.11", minimum required is "3.6") 
-- Found python_cmake_module: 0.10.0 (/opt/ros/humble/share/python_cmake_module/cmake)
-- Found PythonLibs: /usr/lib/x86_64-linux-gnu/libpython3.10.so (found suitable version "3.10.12", minimum required is "3.5") 
-- Using PYTHON_EXECUTABLE: /usr/bin/python3
-- Using PYTHON_INCLUDE_DIRS: /usr/include/python3.10
-- Using PYTHON_LIBRARIES: /usr/lib/x86_64-linux-gnu/libpython3.10.so
-- Found PythonExtra: .so  
-- Found ament_lint_auto: 0.12.14 (/opt/ros/humble/share/ament_lint_auto/cmake)
-- Configuring done
-- Generating done
-- Build files have been written to: /home/ubuntu/Edited_AirshipMPC/build/neural_network_detector
[  1%] [34m[1mGenerating C code for ROS interfaces[0m
[  3%] [34m[1mGenerating C++ code for ROS interfaces[0m
[  3%] Built target ament_cmake_python_symlink_neural_network_detector
running egg_info
creating neural_network_detector.egg-info
writing neural_network_detector.egg-info/PKG-INFO
writing dependency_links to neural_network_detector.egg-info/dependency_links.txt
writing top-level names to neural_network_detector.egg-info/top_level.txt
writing manifest file 'neural_network_detector.egg-info/SOURCES.txt'
reading manifest file 'neural_network_detector.egg-info/SOURCES.txt'
writing manifest file 'neural_network_detector.egg-info/SOURCES.txt'
[  3%] Built target ament_cmake_python_build_neural_network_detector_egg
[  3%] Built target neural_network_detector__cpp
[  4%] [34m[1mGenerating C++ type support dispatch for ROS interfaces[0m
[  6%] [34m[1mGenerating C++ type support for eProsima Fast-RTPS[0m
[  7%] [34m[1mGenerating C++ introspection for ROS interfaces[0m
[  9%] [32mBuilding C object CMakeFiles/neural_network_detector__rosidl_generator_c.dir/rosidl_generator_c/neural_network_detector/msg/detail/neural_network_detection__functions.c.o[0m
[ 11%] [32mBuilding C object CMakeFiles/neural_network_detector__rosidl_generator_c.dir/rosidl_generator_c/neural_network_detector/msg/detail/neural_network_detection_array__functions.c.o[0m
[ 12%] [32mBuilding C object CMakeFiles/neural_network_detector__rosidl_generator_c.dir/rosidl_generator_c/neural_network_detector/msg/detail/neural_network_feedback__functions.c.o[0m
[ 14%] [32mBuilding C object CMakeFiles/neural_network_detector__rosidl_generator_c.dir/rosidl_generator_c/neural_network_detector/msg/detail/neural_network_number_of_detections__functions.c.o[0m
[ 15%] [32mBuilding CXX object CMakeFiles/neural_network_detector__rosidl_typesupport_cpp.dir/rosidl_typesupport_cpp/neural_network_detector/msg/neural_network_detection__type_support.cpp.o[0m
[ 17%] [32m[1mLinking C shared library libneural_network_detector__rosidl_generator_c.so[0m
[ 17%] Built target neural_network_detector__rosidl_generator_c
[ 19%] [32mBuilding CXX object CMakeFiles/neural_network_detector__rosidl_typesupport_introspection_cpp.dir/rosidl_typesupport_introspection_cpp/neural_network_detector/msg/detail/neural_network_detection__type_support.cpp.o[0m
[ 20%] [34m[1mGenerating C type support for eProsima Fast-RTPS[0m
[ 22%] [32mBuilding CXX object CMakeFiles/neural_network_detector__rosidl_typesupport_fastrtps_cpp.dir/rosidl_typesupport_fastrtps_cpp/neural_network_detector/msg/detail/dds_fastrtps/neural_network_detection__type_support.cpp.o[0m
[ 23%] [32mBuilding CXX object CMakeFiles/neural_network_detector__rosidl_typesupport_cpp.dir/rosidl_typesupport_cpp/neural_network_detector/msg/neural_network_detection_array__type_support.cpp.o[0m
[ 25%] [32mBuilding CXX object CMakeFiles/neural_network_detector__rosidl_typesupport_introspection_cpp.dir/rosidl_typesupport_introspection_cpp/neural_network_detector/msg/detail/neural_network_detection_array__type_support.cpp.o[0m
[ 26%] [32mBuilding CXX object CMakeFiles/neural_network_detector__rosidl_typesupport_fastrtps_c.dir/rosidl_typesupport_fastrtps_c/neural_network_detector/msg/detail/neural_network_detection__type_support_c.cpp.o[0m
[ 28%] [32mBuilding CXX object CMakeFiles/neural_network_detector__rosidl_typesupport_fastrtps_cpp.dir/rosidl_typesupport_fastrtps_cpp/neural_network_detector/msg/detail/dds_fastrtps/neural_network_detection_array__type_support.cpp.o[0m
[ 30%] [32mBuilding CXX object CMakeFiles/neural_network_detector__rosidl_typesupport_cpp.dir/rosidl_typesupport_cpp/neural_network_detector/msg/neural_network_feedback__type_support.cpp.o[0m
[ 31%] [32mBuilding CXX object CMakeFiles/neural_network_detector__rosidl_typesupport_cpp.dir/rosidl_typesupport_cpp/neural_network_detector/msg/neural_network_number_of_detections__type_support.cpp.o[0m
[ 33%] [32mBuilding CXX object CMakeFiles/neural_network_detector__rosidl_typesupport_fastrtps_c.dir/rosidl_typesupport_fastrtps_c/neural_network_detector/msg/detail/neural_network_detection_array__type_support_c.cpp.o[0m
[ 34%] [32mBuilding CXX object CMakeFiles/neural_network_detector__rosidl_typesupport_introspection_cpp.dir/rosidl_typesupport_introspection_cpp/neural_network_detector/msg/detail/neural_network_feedback__type_support.cpp.o[0m
[ 36%] [32mBuilding CXX object CMakeFiles/neural_network_detector__rosidl_typesupport_fastrtps_cpp.dir/rosidl_typesupport_fastrtps_cpp/neural_network_detector/msg/detail/dds_fastrtps/neural_network_feedback__type_support.cpp.o[0m
[ 38%] [32m[1mLinking CXX shared library libneural_network_detector__rosidl_typesupport_cpp.so[0m
[ 38%] Built target neural_network_detector__rosidl_typesupport_cpp
[ 39%] [34m[1mGenerating C introspection for ROS interfaces[0m
[ 41%] [32mBuilding CXX object CMakeFiles/neural_network_detector__rosidl_typesupport_fastrtps_c.dir/rosidl_typesupport_fastrtps_c/neural_network_detector/msg/detail/neural_network_feedback__type_support_c.cpp.o[0m
[ 42%] [32mBuilding CXX object CMakeFiles/neural_network_detector__rosidl_typesupport_introspection_cpp.dir/rosidl_typesupport_introspection_cpp/neural_network_detector/msg/detail/neural_network_number_of_detections__type_support.cpp.o[0m
[ 44%] [32mBuilding CXX object CMakeFiles/neural_network_detector__rosidl_typesupport_fastrtps_cpp.dir/rosidl_typesupport_fastrtps_cpp/neural_network_detector/msg/detail/dds_fastrtps/neural_network_number_of_detections__type_support.cpp.o[0m
[ 46%] [32mBuilding CXX object CMakeFiles/neural_network_detector__rosidl_typesupport_fastrtps_c.dir/rosidl_typesupport_fastrtps_c/neural_network_detector/msg/detail/neural_network_number_of_detections__type_support_c.cpp.o[0m
[ 47%] [32mBuilding C object CMakeFiles/neural_network_detector__rosidl_typesupport_introspection_c.dir/rosidl_typesupport_introspection_c/neural_network_detector/msg/detail/neural_network_detection__type_support.c.o[0m
[ 49%] [32mBuilding C object CMakeFiles/neural_network_detector__rosidl_typesupport_introspection_c.dir/rosidl_typesupport_introspection_c/neural_network_detector/msg/detail/neural_network_detection_array__type_support.c.o[0m
[ 50%] [32mBuilding C object CMakeFiles/neural_network_detector__rosidl_typesupport_introspection_c.dir/rosidl_typesupport_introspection_c/neural_network_detector/msg/detail/neural_network_feedback__type_support.c.o[0m
[ 52%] [32mBuilding C object CMakeFiles/neural_network_detector__rosidl_typesupport_introspection_c.dir/rosidl_typesupport_introspection_c/neural_network_detector/msg/detail/neural_network_number_of_detections__type_support.c.o[0m
[ 53%] [32m[1mLinking CXX shared library libneural_network_detector__rosidl_typesupport_introspection_cpp.so[0m
[ 55%] [32m[1mLinking C shared library libneural_network_detector__rosidl_typesupport_introspection_c.so[0m
[ 55%] Built target neural_network_detector__rosidl_typesupport_introspection_c
[ 57%] [34m[1mGenerating C type support dispatch for ROS interfaces[0m
[ 57%] Built target neural_network_detector__rosidl_typesupport_introspection_cpp
[ 58%] [32m[1mLinking CXX shared library libneural_network_detector__rosidl_typesupport_fastrtps_cpp.so[0m
[ 60%] [32m[1mLinking CXX shared library libneural_network_detector__rosidl_typesupport_fastrtps_c.so[0m
[ 60%] Built target neural_network_detector__rosidl_typesupport_fastrtps_cpp
[ 60%] Built target neural_network_detector__rosidl_typesupport_fastrtps_c
[ 65%] [32mBuilding CXX object CMakeFiles/neural_network_detector__rosidl_typesupport_c.dir/rosidl_typesupport_c/neural_network_detector/msg/neural_network_feedback__type_support.cpp.o[0m
[ 65%] [32mBuilding CXX object CMakeFiles/neural_network_detector__rosidl_typesupport_c.dir/rosidl_typesupport_c/neural_network_detector/msg/neural_network_detection_array__type_support.cpp.o[0m
[ 65%] [32mBuilding CXX object CMakeFiles/neural_network_detector__rosidl_typesupport_c.dir/rosidl_typesupport_c/neural_network_detector/msg/neural_network_number_of_detections__type_support.cpp.o[0m
[ 66%] [32mBuilding CXX object CMakeFiles/neural_network_detector__rosidl_typesupport_c.dir/rosidl_typesupport_c/neural_network_detector/msg/neural_network_detection__type_support.cpp.o[0m
[ 68%] [32m[1mLinking CXX shared library libneural_network_detector__rosidl_typesupport_c.so[0m
[ 68%] Built target neural_network_detector__rosidl_typesupport_c
[ 68%] Built target neural_network_detector
[ 71%] [32mBuilding CXX object CMakeFiles/Overlay.dir/src/Overlay.cpp.o[0m
[ 71%] [34m[1mGenerating Python code for ROS interfaces[0m
[ 73%] [32mBuilding CXX object CMakeFiles/neural_network_detector_node.dir/src/neural_network_detector_node.cpp.o[0m
[ 74%] [32mBuilding CXX object CMakeFiles/NNDetector.dir/src/NNDetector.cpp.o[0m
[ 74%] Built target neural_network_detector__py
[ 76%] [32mBuilding CXX object CMakeFiles/neural_network_detector_overlay_only.dir/src/neural_network_detector_overlay_only.cpp.o[0m
