[0.011s] Invoking command in '/home/ubuntu/Edited_AirshipMPC/build/pose_cov_ops_interface': /usr/bin/cmake /home/ubuntu/Edited_AirshipMPC/submodules/AirCap/packages/flight/pose_cov_ops_interface -DCMAKE_BUILD_TYPE=Release -DCATKIN_INSTALL_INTO_PREFIX_ROOT=0 -DCATKIN_SYMLINK_INSTALL=ON -DCMAKE_INSTALL_PREFIX=/home/ubuntu/Edited_AirshipMPC/install/pose_cov_ops_interface
[0.094s] -- The C compiler identification is GNU 11.4.0
[0.159s] -- The CXX compiler identification is GNU 11.4.0
[0.167s] -- Detecting C compiler ABI info
[0.247s] -- Detecting C compiler ABI info - done
[0.255s] -- Check for working C compiler: /usr/bin/cc - skipped
[0.256s] -- Detecting C compile features
[0.257s] -- Detecting C compile features - done
[0.260s] -- Detecting CXX compiler ABI info
[0.345s] -- Detecting CXX compiler ABI info - done
[0.354s] -- Check for working CXX compiler: /usr/bin/c++ - skipped
[0.354s] -- Detecting CXX compile features
[0.355s] -- Detecting CXX compile features - done
[0.357s] -- Found ament_cmake: 1.3.12 (/opt/ros/humble/share/ament_cmake/cmake)
[0.792s] -- Found Python3: /usr/bin/python3 (found version "3.11.0") found components: Interpreter 
[0.879s] -- Found rclcpp: 16.0.14 (/opt/ros/humble/share/rclcpp/cmake)
[0.909s] -- Found rosidl_generator_c: 3.1.7 (/opt/ros/humble/share/rosidl_generator_c/cmake)
[0.913s] -- Found rosidl_adapter: 3.1.7 (/opt/ros/humble/share/rosidl_adapter/cmake)
[0.920s] -- Found rosidl_generator_cpp: 3.1.7 (/opt/ros/humble/share/rosidl_generator_cpp/cmake)
[0.931s] -- Using all available rosidl_typesupport_c: rosidl_typesupport_fastrtps_c;rosidl_typesupport_introspection_c
[0.946s] -- Using all available rosidl_typesupport_cpp: rosidl_typesupport_fastrtps_cpp;rosidl_typesupport_introspection_cpp
[0.985s] -- Found rmw_implementation_cmake: 6.1.2 (/opt/ros/humble/share/rmw_implementation_cmake/cmake)
[0.987s] -- Found rmw_fastrtps_cpp: 6.2.8 (/opt/ros/humble/share/rmw_fastrtps_cpp/cmake)
[1.058s] -- Found OpenSSL: /usr/lib/x86_64-linux-gnu/libcrypto.so (found version "3.0.2")  
[1.077s] -- Found FastRTPS: /opt/ros/humble/include  
[1.106s] -- Using RMW implementation 'rmw_fastrtps_cpp' as default
[1.112s] -- Looking for pthread.h
[1.184s] -- Looking for pthread.h - found
[1.185s] -- Performing Test CMAKE_HAVE_LIBC_PTHREAD
[1.259s] -- Performing Test CMAKE_HAVE_LIBC_PTHREAD - Success
[1.259s] -- Found Threads: TRUE  
[1.312s] -- Found geometry_msgs: 4.9.0 (/opt/ros/humble/share/geometry_msgs/cmake)
[1.326s] -- Found sensor_msgs: 4.9.0 (/opt/ros/humble/share/sensor_msgs/cmake)
[1.345s] -- Found tf2_geometry_msgs: 0.25.15 (/opt/ros/humble/share/tf2_geometry_msgs/cmake)
[1.352s] -- Found eigen3_cmake_module: 0.1.1 (/opt/ros/humble/share/eigen3_cmake_module/cmake)
[1.353s] -- Found Eigen3: TRUE (found version "3.4.0") 
[1.353s] -- Ensuring Eigen3 include directory is part of orocos-kdl CMake target
[1.465s] -- Found cv_bridge: 3.2.1 (/opt/ros/humble/share/cv_bridge/cmake)
[1.480s] -- Found image_transport: 3.1.12 (/opt/ros/humble/share/image_transport/cmake)
[1.497s] -- Found camera_info_manager: 3.1.12 (/opt/ros/humble/share/camera_info_manager/cmake)
[1.509s] -- Found ament_lint_auto: 0.12.14 (/opt/ros/humble/share/ament_lint_auto/cmake)
[1.608s] -- Configuring done
[1.615s] -- Generating done
[1.616s] [33mCMake Warning:
[1.616s]   Manually-specified variables were not used by the project:
[1.616s] 
[1.616s]     CATKIN_INSTALL_INTO_PREFIX_ROOT
[1.616s]     CATKIN_SYMLINK_INSTALL
[1.617s] 
[1.617s] [0m
[1.618s] -- Build files have been written to: /home/ubuntu/Edited_AirshipMPC/build/pose_cov_ops_interface
[1.635s] Invoked command in '/home/ubuntu/Edited_AirshipMPC/build/pose_cov_ops_interface' returned '0': /usr/bin/cmake /home/ubuntu/Edited_AirshipMPC/submodules/AirCap/packages/flight/pose_cov_ops_interface -DCMAKE_BUILD_TYPE=Release -DCATKIN_INSTALL_INTO_PREFIX_ROOT=0 -DCATKIN_SYMLINK_INSTALL=ON -DCMAKE_INSTALL_PREFIX=/home/ubuntu/Edited_AirshipMPC/install/pose_cov_ops_interface
[1.635s] Invoking command in '/home/ubuntu/Edited_AirshipMPC/build/pose_cov_ops_interface': /usr/bin/cmake --build /home/ubuntu/Edited_AirshipMPC/build/pose_cov_ops_interface -- -j4 -l4
