[0.012s] Invoking command in '/home/ubuntu/Edited_AirshipMPC/build/aircap': /usr/bin/cmake /home/ubuntu/Edited_AirshipMPC/submodules/AirCap/packages/simulation/aircap -DCMAKE_BUILD_TYPE=Release -DCATKIN_INSTALL_INTO_PREFIX_ROOT=0 -DCATKIN_SYMLINK_INSTALL=ON -DCMAKE_INSTALL_PREFIX=/home/ubuntu/Edited_AirshipMPC/install/aircap
[0.088s] -- The C compiler identification is GNU 11.4.0
[0.148s] -- The CXX compiler identification is GNU 11.4.0
[0.156s] -- Detecting C compiler ABI info
[0.237s] -- Detecting C compiler ABI info - done
[0.242s] -- Check for working C compiler: /usr/bin/cc - skipped
[0.242s] -- Detecting C compile features
[0.243s] -- Detecting C compile features - done
[0.246s] -- Detecting CXX compiler ABI info
[0.352s] -- Detecting CXX compiler ABI info - done
[0.352s] -- Check for working CXX compiler: /usr/bin/c++ - skipped
[0.352s] -- Detecting CXX compile features
[0.352s] -- Detecting CXX compile features - done
[0.352s] -- Found ament_cmake: 1.3.12 (/opt/ros/humble/share/ament_cmake/cmake)
[0.771s] -- Found Python3: /usr/bin/python3 (found version "3.11.0") found components: Interpreter 
[0.857s] -- Found rclcpp: 16.0.14 (/opt/ros/humble/share/rclcpp/cmake)
[0.886s] -- Found rosidl_generator_c: 3.1.7 (/opt/ros/humble/share/rosidl_generator_c/cmake)
[0.889s] -- Found rosidl_adapter: 3.1.7 (/opt/ros/humble/share/rosidl_adapter/cmake)
[0.896s] -- Found rosidl_generator_cpp: 3.1.7 (/opt/ros/humble/share/rosidl_generator_cpp/cmake)
[0.907s] -- Using all available rosidl_typesupport_c: rosidl_typesupport_fastrtps_c;rosidl_typesupport_introspection_c
[0.922s] -- Using all available rosidl_typesupport_cpp: rosidl_typesupport_fastrtps_cpp;rosidl_typesupport_introspection_cpp
[0.960s] -- Found rmw_implementation_cmake: 6.1.2 (/opt/ros/humble/share/rmw_implementation_cmake/cmake)
[0.962s] -- Found rmw_fastrtps_cpp: 6.2.8 (/opt/ros/humble/share/rmw_fastrtps_cpp/cmake)
[1.033s] -- Found OpenSSL: /usr/lib/x86_64-linux-gnu/libcrypto.so (found version "3.0.2")  
[1.051s] -- Found FastRTPS: /opt/ros/humble/include  
[1.079s] -- Using RMW implementation 'rmw_fastrtps_cpp' as default
[1.085s] -- Looking for pthread.h
[1.163s] -- Looking for pthread.h - found
[1.164s] -- Performing Test CMAKE_HAVE_LIBC_PTHREAD
[1.238s] -- Performing Test CMAKE_HAVE_LIBC_PTHREAD - Success
[1.239s] -- Found Threads: TRUE  
[1.292s] -- Found geometry_msgs: 4.9.0 (/opt/ros/humble/share/geometry_msgs/cmake)
[1.306s] -- Found sensor_msgs: 4.9.0 (/opt/ros/humble/share/sensor_msgs/cmake)
[1.325s] -- Found tf2_geometry_msgs: 0.25.15 (/opt/ros/humble/share/tf2_geometry_msgs/cmake)
[1.332s] -- Found eigen3_cmake_module: 0.1.1 (/opt/ros/humble/share/eigen3_cmake_module/cmake)
[1.333s] -- Found Eigen3: TRUE (found version "3.4.0") 
[1.333s] -- Ensuring Eigen3 include directory is part of orocos-kdl CMake target
[1.463s] -- Found cv_bridge: 3.2.1 (/opt/ros/humble/share/cv_bridge/cmake)
[1.478s] -- Found image_transport: 3.1.12 (/opt/ros/humble/share/image_transport/cmake)
[1.495s] -- Found camera_info_manager: 3.1.12 (/opt/ros/humble/share/camera_info_manager/cmake)
[1.507s] -- Found ament_lint_auto: 0.12.14 (/opt/ros/humble/share/ament_lint_auto/cmake)
[1.604s] -- Configuring done
[1.610s] -- Generating done
[1.612s] [33mCMake Warning:
[1.612s]   Manually-specified variables were not used by the project:
[1.612s] 
[1.612s]     CATKIN_INSTALL_INTO_PREFIX_ROOT
[1.612s]     CATKIN_SYMLINK_INSTALL
[1.612s] 
[1.612s] [0m
[1.614s] -- Build files have been written to: /home/ubuntu/Edited_AirshipMPC/build/aircap
[1.630s] Invoked command in '/home/ubuntu/Edited_AirshipMPC/build/aircap' returned '0': /usr/bin/cmake /home/ubuntu/Edited_AirshipMPC/submodules/AirCap/packages/simulation/aircap -DCMAKE_BUILD_TYPE=Release -DCATKIN_INSTALL_INTO_PREFIX_ROOT=0 -DCATKIN_SYMLINK_INSTALL=ON -DCMAKE_INSTALL_PREFIX=/home/ubuntu/Edited_AirshipMPC/install/aircap
[1.631s] Invoking command in '/home/ubuntu/Edited_AirshipMPC/build/aircap': /usr/bin/cmake --build /home/ubuntu/Edited_AirshipMPC/build/aircap -- -j4 -l4
